<?xml version="1.0" encoding="UTF-8"?>
<!-- Generated by org.testng.reporters.JUnitXMLReporter -->
<testsuite hostname="DESKTOP-4FF21TM" ignored="0" name="Test" tests="13" failures="1" timestamp="28 May 2019 23:22:44 GMT" time="0.135" errors="0">
  <testcase name="test1" time="0.011" classname="org.selenium.AssertionClass">
    <skipped/>
  </testcase> <!-- test1 -->
  <testcase name="test1" time="0.002" classname="org.selenium.AssertionClass">
    <skipped/>
  </testcase> <!-- test1 -->
  <testcase name="test1" time="0.001" classname="org.selenium.AssertionClass">
    <skipped/>
  </testcase> <!-- test1 -->
  <testcase name="test1" time="0.001" classname="org.selenium.AssertionClass">
    <skipped/>
  </testcase> <!-- test1 -->
  <testcase name="test1" time="0.007" classname="org.selenium.AssertionClass">
    <skipped/>
  </testcase> <!-- test1 -->
  <testcase name="test1" time="0.007" classname="org.selenium.AssertionClass">
    <skipped/>
  </testcase> <!-- test1 -->
  <testcase name="test1" time="0.002" classname="org.selenium.AssertionClass">
    <skipped/>
  </testcase> <!-- test1 -->
  <testcase name="test1" time="0.001" classname="org.selenium.AssertionClass">
    <skipped/>
  </testcase> <!-- test1 -->
  <testcase name="test1" time="0.001" classname="org.selenium.AssertionClass">
    <skipped/>
  </testcase> <!-- test1 -->
  <testcase name="test1" time="0.001" classname="org.selenium.AssertionClass">
    <skipped/>
  </testcase> <!-- test1 -->
  <testcase name="test1" time="0.001" classname="org.selenium.AssertionClass">
    <failure type="java.lang.AssertionError" message="expected [true] but found [false]">
      <![CDATA[java.lang.AssertionError: expected [true] but found [false]
at org.selenium.AssertionClass.test1(AssertionClass.java:18)
... Removed 29 stack frames]]>
    </failure>
  </testcase> <!-- test1 -->
  <testcase name="test2" time="0.001" classname="org.selenium.AssertionClass"/>
  <testcase name="test3" time="0.002" classname="org.selenium.AssertionClass"/>
</testsuite> <!-- Test -->
